<?xml version="1.0" encoding="UTF-8"?>
<testng-results ignored="0" total="2" passed="2" failed="0" skipped="0">
  <reporter-output>
  </reporter-output>
  <suite started-at="2023-10-31T15:04:34 IST" name="Default suite" finished-at="2023-10-31T15:04:48 IST" duration-ms="14337">
    <groups>
    </groups>
    <test started-at="2023-10-31T15:04:34 IST" name="Default test" finished-at="2023-10-31T15:04:48 IST" duration-ms="14337">
      <class name="basic_of_testNG.Ng1">
        <test-method signature="register()[pri:0, instance:basic_of_testNG.Ng1@31368b99]" started-at="2023-10-31T15:04:34 IST" name="register" finished-at="2023-10-31T15:04:42 IST" duration-ms="7524" status="PASS">
          <reporter-output>
          </reporter-output>
        </test-method> <!-- register -->
        <test-method signature="zlogin()[pri:0, instance:basic_of_testNG.Ng1@31368b99]" started-at="2023-10-31T15:04:42 IST" name="zlogin" finished-at="2023-10-31T15:04:48 IST" duration-ms="6742" status="PASS">
          <reporter-output>
          </reporter-output>
        </test-method> <!-- zlogin -->
      </class> <!-- basic_of_testNG.Ng1 -->
    </test> <!-- Default test -->
  </suite> <!-- Default suite -->
</testng-results>
